02/10/2021 10:20:06 PM Execution finished
02/10/2021 10:20:18 PM Execution finished
02/10/2021 10:21:26 PM Execution finished
02/10/2021 10:22:56 PM Execution finished
INFO: 02/10/2021 10:25:32 PM Execution finished
INFO: 02/10/2021 10:26:29 PM Execution finished
INFO: 02/10/2021 10:30:13 PM Execution finished
INFO: 02/10/2021 10:47:21 PM Execution finished
INFO: 02/10/2021 10:48:59 PM Execution finished
DEBUG: 02/10/2021 10:50:54 PM ['2', '_', '3', '5', '4', '1', '6', '8', '7']
DEBUG: 02/10/2021 10:50:54 PM _23541687
DEBUG: 02/10/2021 10:50:54 PM ['2', '_', '3', '5', '4', '1', '6', '8', '7']
DEBUG: 02/10/2021 10:50:54 PM 23_541687
DEBUG: 02/10/2021 10:50:54 PM ['2', '_', '3', '5', '4', '1', '6', '8', '7']
DEBUG: 02/10/2021 10:50:54 PM 2435_1687
INFO: 02/10/2021 10:50:54 PM Execution finished
DEBUG: 02/10/2021 10:52:20 PM ['2', '_', '3', '5', '4', '1', '6', '8', '7']
DEBUG: 02/10/2021 10:52:20 PM _23541687
DEBUG: 02/10/2021 10:52:20 PM ['2', '_', '3', '5', '4', '1', '6', '8', '7']
DEBUG: 02/10/2021 10:52:20 PM 23_541687
DEBUG: 02/10/2021 10:52:20 PM ['2', '_', '3', '5', '4', '1', '6', '8', '7']
DEBUG: 02/10/2021 10:52:20 PM 2435_1687
INFO: 02/10/2021 10:52:20 PM Execution finished
DEBUG: 02/10/2021 10:52:29 PM ['2', '_', '3', '5', '4', '1', '6', '8', '7']
DEBUG: 02/10/2021 10:52:29 PM _23541687
DEBUG: 02/10/2021 10:52:29 PM ['2', '_', '3', '5', '4', '1', '6', '8', '7']
DEBUG: 02/10/2021 10:52:29 PM 23_541687
DEBUG: 02/10/2021 10:52:29 PM ['2', '_', '3', '5', '4', '1', '6', '8', '7']
DEBUG: 02/10/2021 10:52:29 PM 2435_1687
INFO: 02/10/2021 10:52:29 PM Execution finished
DEBUG: 02/10/2021 10:53:24 PM ['2', '_', '3', '5', '4', '1', '6', '8', '7']
DEBUG: 02/10/2021 10:53:24 PM _23541687
DEBUG: 02/10/2021 10:53:24 PM ['2', '_', '3', '5', '4', '1', '6', '8', '7']
DEBUG: 02/10/2021 10:53:24 PM 23_541687
DEBUG: 02/10/2021 10:53:24 PM ['2', '_', '3', '5', '4', '1', '6', '8', '7']
DEBUG: 02/10/2021 10:53:24 PM 2435_1687
INFO: 02/10/2021 10:53:24 PM Execution finished
DEBUG: 02/10/2021 10:53:27 PM ['2', '_', '3', '5', '4', '1', '6', '8', '7']
DEBUG: 02/10/2021 10:53:27 PM _23541687
DEBUG: 02/10/2021 10:53:27 PM ['2', '_', '3', '5', '4', '1', '6', '8', '7']
DEBUG: 02/10/2021 10:53:27 PM 23_541687
DEBUG: 02/10/2021 10:53:27 PM ['2', '_', '3', '5', '4', '1', '6', '8', '7']
DEBUG: 02/10/2021 10:53:27 PM 2435_1687
INFO: 02/10/2021 10:53:27 PM Execution finished
DEBUG: 02/10/2021 10:56:16 PM ['2', '_', '3', '5', '4', '1', '6', '8', '7']
DEBUG: 02/10/2021 10:56:16 PM _23541687
DEBUG: 02/10/2021 10:56:16 PM ['2', '_', '3', '5', '4', '1', '6', '8', '7']
DEBUG: 02/10/2021 10:56:16 PM 23_541687
DEBUG: 02/10/2021 10:56:16 PM ['2', '_', '3', '5', '4', '1', '6', '8', '7']
DEBUG: 02/10/2021 10:56:16 PM 2435_1687
INFO: 02/10/2021 10:56:16 PM Execution finished
DEBUG: 02/10/2021 10:56:27 PM ['_', '2', '3', '5', '4', '1', '6', '8', '7']
DEBUG: 02/10/2021 10:56:27 PM 2_3541687
DEBUG: 02/10/2021 10:56:27 PM ['_', '2', '3', '5', '4', '1', '6', '8', '7']
DEBUG: 02/10/2021 10:56:27 PM 523_41687
INFO: 02/10/2021 10:56:27 PM Execution finished
DEBUG: 02/10/2021 10:57:08 PM ['2', '_', '3', '5', '4', '1', '6', '8', '7']
DEBUG: 02/10/2021 10:57:08 PM _23541687
DEBUG: 02/10/2021 10:57:08 PM ['2', '_', '3', '5', '4', '1', '6', '8', '7']
DEBUG: 02/10/2021 10:57:08 PM 23_541687
DEBUG: 02/10/2021 10:57:08 PM ['2', '_', '3', '5', '4', '1', '6', '8', '7']
DEBUG: 02/10/2021 10:57:08 PM 2435_1687
INFO: 02/10/2021 10:57:08 PM Execution finished
DEBUG: 02/10/2021 10:57:23 PM ['2', '_', '3', '5', '4', '1', '6', '8', '7']
DEBUG: 02/10/2021 10:57:23 PM _23541687
DEBUG: 02/10/2021 10:57:23 PM ['2', '_', '3', '5', '4', '1', '6', '8', '7']
DEBUG: 02/10/2021 10:57:23 PM 23_541687
DEBUG: 02/10/2021 10:57:23 PM ['2', '_', '3', '5', '4', '1', '6', '8', '7']
DEBUG: 02/10/2021 10:57:23 PM 2435_1687
INFO: 02/10/2021 10:57:23 PM Execution finished
